Filename                      Regions    Missed Regions     Cover   Functions  Missed Functions  Executed       Lines      Missed Lines     Cover    Branches   Missed Branches     Cover
-----------------------------------------------------------------------------------------------------------------------------------------------------------------------------------------
analysis.rs                      1438               249    82.68%         135                24    82.22%         890               147    83.48%         138                47    65.94%
artifact.rs                      5596                52    99.07%         213                 2    99.06%        3050                41    98.66%         282                17    93.97%
artifact/cps.rs                   627                41    93.46%          32                 0   100.00%         352                30    91.48%         134                34    74.63%
artifact/regions.rs               326                 9    97.24%          12                 0   100.00%         192                 5    97.40%          58                 9    84.48%
backend/host.rs                  1012                63    93.77%          43                 2    95.35%         597                41    93.13%         110                17    84.55%
backend/js.rs                    1514                65    95.71%          42                 0   100.00%         751                33    95.61%         104                21    79.81%
bundle.rs                         309                 0   100.00%          23                 0   100.00%         203                 0   100.00%          20                 0   100.00%
cancellation.rs                    51                 0   100.00%          12                 0   100.00%          39                 0   100.00%           2                 0   100.00%
compile.rs                        240                 3    98.75%          26                 1    96.15%         184                 3    98.37%           6                 0   100.00%
entry.rs                          224                20    91.07%          19                 1    94.74%         164                14    91.46%          20                 4    80.00%
externs.rs                        200                 7    96.50%          14                 1    92.86%         166                 8    95.18%          30                 4    86.67%
inference/constrain.rs           1793                 3    99.83%          36                 0   100.00%        1071                 3    99.72%          38                 0   100.00%
inference/flow.rs                 317                 1    99.68%          11                 0   100.00%         177                 1    99.44%          16                 1    93.75%
inference/mod.rs                15539               864    94.44%         641                13    97.97%        9533               495    94.81%        1144               194    83.04%
inference/queries.rs             1180                14    98.81%          41                 0   100.00%         661                 8    98.79%          66                 4    93.94%
inference/sat.rs                  799                 7    99.12%          52                 0   100.00%         417                 4    99.04%          58                 0   100.00%
inference/solve.rs               4721               230    95.13%         137                 2    98.54%        2628                92    96.50%         284                37    86.97%
ir.rs                           14231               672    95.28%         540                19    96.48%        8045               430    94.66%         900                62    93.11%
link.rs                           120                 5    95.83%           5                 0   100.00%          77                 2    97.40%          10                 2    80.00%
lir.rs                            144                 0   100.00%           4                 0   100.00%          75                 0   100.00%           2                 0   100.00%
lir/control.rs                    690                 3    99.57%          18                 0   100.00%         480                 3    99.38%          22                 1    95.45%
lir/lower.rs                     5662                82    98.55%         265                 2    99.25%        3305                45    98.64%         282                31    89.01%
lir/suspension.rs                 154                 2    98.70%           7                 0   100.00%          89                 1    98.88%          22                 0   100.00%
parse.rs                         4082               110    97.31%         165                 0   100.00%        2109                56    97.34%         376                16    95.74%
patterns.rs                      2019                25    98.76%         141                 3    97.87%        1153                 8    99.31%          98                 6    93.88%
symbol.rs                         735                10    98.64%          65                 1    98.46%         444                 6    98.65%          74                 2    97.30%
test_support.rs                    67                 2    97.01%           4                 0   100.00%          27                 1    96.30%           0                 0         -
token.rs                          995                 6    99.40%          30                 1    96.67%         484                 3    99.38%         108                 2    98.15%
tracking.rs                       216                33    84.72%          32                 3    90.62%         153                14    90.85%           8                 1    87.50%
types.rs                         1603                80    95.01%          98                 0   100.00%         906                28    96.91%         114                12    89.47%
ui.rs                            4789               284    94.07%         158                 4    97.47%        2872               147    94.88%         284                27    90.49%
-----------------------------------------------------------------------------------------------------------------------------------------------------------------------------------------
TOTAL                           71393              2942    95.88%        3021                79    97.38%       41294              1669    95.96%        4810               551    88.54%
