Filename                       Regions    Missed Regions     Cover   Functions  Missed Functions  Executed       Lines      Missed Lines     Cover    Branches   Missed Branches     Cover
------------------------------------------------------------------------------------------------------------------------------------------------------------------------------------------
analysis.rs                       1590               259    83.71%         148                24    83.78%         986               149    84.89%         148                48    67.57%
artifact.rs                       5826                61    98.95%         224                 3    98.66%        3206                49    98.47%         322                24    92.55%
artifact/cps.rs                    716                57    92.04%          36                 0   100.00%         412                40    90.29%         164                49    70.12%
artifact/regions.rs                326                 9    97.24%          12                 0   100.00%         192                 5    97.40%          58                 9    84.48%
backend/host.rs                   1206                71    94.11%          53                 4    92.45%         736                44    94.02%         128                21    83.59%
backend/js.rs                     1613                59    96.34%          45                 1    97.78%         806                33    95.91%         100                19    81.00%
bundle.rs                          317                 0   100.00%          23                 0   100.00%         209                 0   100.00%          20                 0   100.00%
cancellation.rs                     51                 0   100.00%          12                 0   100.00%          39                 0   100.00%           2                 0   100.00%
compile.rs                         247                 3    98.79%          27                 1    96.30%         189                 3    98.41%           6                 0   100.00%
entry.rs                           224                20    91.07%          19                 1    94.74%         164                14    91.46%          20                 4    80.00%
externs.rs                         204                 7    96.57%          14                 1    92.86%         171                 8    95.32%          30                 4    86.67%
format.rs                         5534                 8    99.86%         224                 0   100.00%        2638                 3    99.89%         490                16    96.73%
inference/constrain.rs            1818                 2    99.89%          37                 0   100.00%        1092                 2    99.82%          42                 0   100.00%
inference/flow.rs                  317                 1    99.68%          11                 0   100.00%         177                 1    99.44%          16                 1    93.75%
inference/mod.rs                 16102               877    94.55%         665                10    98.50%        9856               538    94.54%        1216               202    83.39%
inference/queries.rs              1180                10    99.15%          41                 0   100.00%         661                 5    99.24%          66                 3    95.45%
inference/sat.rs                   786                 7    99.11%          54                 0   100.00%         407                 4    99.02%          54                 0   100.00%
inference/solve.rs                4828               235    95.13%         142                 2    98.59%        2686                89    96.69%         290                37    87.24%
ir.rs                            14562               511    96.49%         549                11    98.00%        8246               318    96.14%         948                62    93.46%
link.rs                            120                 5    95.83%           5                 0   100.00%          77                 2    97.40%          10                 2    80.00%
lir.rs                             172                 0   100.00%           6                 0   100.00%          90                 0   100.00%           2                 0   100.00%
lir/control.rs                     719                 3    99.58%          18                 0   100.00%         517                 3    99.42%          22                 1    95.45%
lir/lower.rs                      6520               123    98.11%         278                 3    98.92%        3736                67    98.21%         314                41    86.94%
lir/lower/reification.rs          1061                60    94.34%          34                 3    91.18%         627                32    94.90%          72                13    81.94%
lir/suspension.rs                  154                 2    98.70%           7                 0   100.00%          89                 1    98.88%          22                 0   100.00%
parse.rs                          4185               102    97.56%         170                 0   100.00%        2162                51    97.64%         396                17    95.71%
patterns.rs                       2019                25    98.76%         141                 3    97.87%        1153                 8    99.31%          98                 6    93.88%
reification.rs                    1242                82    93.40%          55                 3    94.55%         678                38    94.40%         152                27    82.24%
reification/conventions.rs        1828                33    98.19%          61                 0   100.00%        1092                24    97.80%         192                19    90.10%
reification/interface.rs           400                13    96.75%          27                 0   100.00%         270                11    95.93%          36                11    69.44%
symbol.rs                          735                10    98.64%          65                 1    98.46%         444                 6    98.65%          74                 2    97.30%
test_support.rs                     67                 2    97.01%           4                 0   100.00%          27                 1    96.30%           0                 0         -
token.rs                          1047                 6    99.43%          33                 1    96.97%         510                 3    99.41%         110                 2    98.18%
tracking.rs                        216                33    84.72%          32                 3    90.62%         153                14    90.85%           8                 1    87.50%
types.rs                          1630                54    96.69%         102                 0   100.00%         932                18    98.07%         114                11    90.35%
ui.rs                             4871               325    93.33%         162                 4    97.53%        2931               176    94.00%         288                32    88.89%
------------------------------------------------------------------------------------------------------------------------------------------------------------------------------------------
TOTAL                            84433              3075    96.36%        3536                79    97.77%       48361              1760    96.36%        6030               684    88.66%
